thermo 500
min_style fire
minimize 0.001 0.001 10000 100000
WARNING: Resetting reneighboring criteria during minimization (../min.cpp:168)
PPPM initialization ...
WARNING: System is not charge neutral, net charge = -3.7e-05 (../kspace.cpp:297)
WARNING: Using 12-bit tables for long-range coulomb (../kspace.cpp:316)
  G vector (1/distance) = 0.157726
  grid = 10 10 10
  stencil order = 5
  estimated absolute RMS force accuracy = 0.031957
  estimated relative force accuracy = 9.62376e-05
  using double precision FFTs
  3d grid and FFT values/proc = 3375 1000
Neighbor list info ...
  1 neighbor list requests
  update every 1 steps, delay 0 steps, check yes
  max neighbors/atom: 2000, page size: 100000
  master list distance cutoff = 14
  ghost atom cutoff = 14
  binsize = 7 -> bins = 8 8 8
Memory usage per processor = 13.3002 Mbytes
Step Temp E_pair E_mol TotEng Press 
       0            0 1.3911272e+15    2156.8841 1.3911272e+15 2.7090678e+15 
     287    3.1881803   -977.09187    2198.7061    1266.2705    1218.2584 
Loop time of 18.3572 on 1 procs for 287 steps with 4700 atoms

69.8% CPU use with 1 MPI tasks x no OpenMP threads

Minimization stats:
  Stopping criterion = energy tolerance
  Energy initial, next-to-last, final = 
      1.3911272291e+15      1221.25083952      1221.61422546
  Force two-norm initial, final = 1.62841e+17 127.52
  Force max component initial, final = 1.07127e+17 23.3279
  Final line search alpha, max atom move = 0 0
  Iterations, force evaluations = 287 287

MPI task timing breakdown:
Section |  min time  |  avg time  |  max time  |%varavg| %total
---------------------------------------------------------------
Pair    | 15.352     | 15.352     | 15.352     |   0.0 | 83.63
Bond    | 0.80328    | 0.80328    | 0.80328    |   0.0 |  4.38
Kspace  | 1.273      | 1.273      | 1.273      |   0.0 |  6.93
Neigh   | 0.83537    | 0.83537    | 0.83537    |   0.0 |  4.55
Comm    | 0.043301   | 0.043301   | 0.043301   |   0.0 |  0.24
Output  | 0          | 0          | 0          |   0.0 |  0.00
Modify  | 0          | 0          | 0          |   0.0 |  0.00
Other   |            | 0.04982    |            |       |  0.27

Nlocal:    4700 ave 4700 max 4700 min
Histogram: 1 0 0 0 0 0 0 0 0 0
Nghost:    11206 ave 11206 max 11206 min
Histogram: 1 0 0 0 0 0 0 0 0 0
Neighs:    951733 ave 951733 max 951733 min
Histogram: 1 0 0 0 0 0 0 0 0 0

Total # of neighbors = 951733
Ave neighs/atom = 202.496
Ave special neighs/atom = 7.2766
Neighbor list builds = 19
Dangerous builds = 0
write_dump all custom pysimm.dump.tmp id q x y z vx vy vz
quit
