thermo 500
timestep 1
fix 1 all npt temp 300.0 300.0 100 iso 1.0 1.0 100
run 100000
PPPM initialization ...
WARNING: System is not charge neutral, net charge = -3.7e-05 (../kspace.cpp:297)
WARNING: Using 12-bit tables for long-range coulomb (../kspace.cpp:316)
  G vector (1/distance) = 0.157726
  grid = 10 10 10
  stencil order = 5
  estimated absolute RMS force accuracy = 0.031957
  estimated relative force accuracy = 9.62376e-05
  using double precision FFTs
  3d grid and FFT values/proc = 3375 1000
Neighbor list info ...
  1 neighbor list requests
  update every 1 steps, delay 10 steps, check yes
  max neighbors/atom: 2000, page size: 100000
  master list distance cutoff = 14
  ghost atom cutoff = 14
  binsize = 7 -> bins = 8 8 8
WARNING: Inconsistent image flags (../domain.cpp:774)
Memory usage per processor = 25.4946 Mbytes
Step Temp E_pair E_mol TotEng Press Volume 
       0    308.19973   -891.68927    3959.9129    7385.1238     264.4906    140841.64 
     500    299.24367   -672.84384    4129.8638    7648.4741    242.57712    197117.41 
    1000    300.93177   -570.79708    4239.4741    7883.7761   -19.793447       268426 
    1500     300.9923   -450.86242     4265.208    8030.2925    103.84527    362009.74 
    2000     302.4002   -394.95066    4384.8182    8225.5347    84.506262    478808.14 
    2500    302.75744   -381.59448    4392.3599    8251.4364    16.165949    629131.07 
    3000    296.64459    -326.4694    4454.9295    8283.5094      -4.0984    816801.03 
    3500    301.31433   -287.00535     4517.952    8451.4042   -35.815756    1046898.7 
    4000    297.65616   -257.28408     4566.411     8478.345    31.031171    1294599.6 
    4500    296.74245   -248.32175    4493.7653    8401.8635    33.149872    1646504.6 
    5000     298.8695   -225.75195    4581.7363    8542.1975   -21.875679    2042564.6 
    5500    298.14486   -231.95562    4653.3223    8597.4301   -3.5290555    2506105.1 
    6000    295.87319   -217.41682    4635.4388    8562.2664    18.083825    3004548.2 
    6500    296.63735   -208.67082    4681.7991    8628.0762   -1.2276423    3612917.1 
    7000    291.87342   -214.51052    4698.0749    8571.7847   -6.5089757    4255319.9 
    7500    297.06114   -208.75784    4755.7783    8707.9043    2.6281406    4827312.1 
    8000    298.15958   -183.16091    4770.6511    8763.7596   0.86926384    5329113.5 
    8500    302.61027   -189.03853    4702.6149    8752.1859    2.3872176    5518057.8 
    9000    301.95259   -196.60429    4746.2283    8779.0215   -4.9866927    5969437.9 
    9500    296.83912   -190.19775    4793.9597     8761.536    2.7938241      6651542 
   10000    301.40834   -189.97185    4818.9321    8850.7345     1.820307      6424861 
   10500    305.31438   -191.36829    4789.1483    8874.2655   0.16832413    5523054.1 
   11000     305.2393    -194.9058    4765.8114    8846.3395   -2.9970694    5946265.4 
   11500    303.25237   -201.25068    4778.9411    8825.2937   -3.7813189    6451658.5 
   12000    299.95557   -182.41738     4794.434    8813.4421  0.084935604    7036857.9 
   12500    296.73642   -181.97704     4817.615    8791.9735    3.6414981      6673003 
   13000    297.67654   -179.12005    4801.0833    8791.4669   -4.6312997    6327115.4 
   13500    297.20114   -182.29678    4857.2277    8837.7758   -1.1838794    6928093.2 
   14000    297.98581    -173.9296    4878.8928    8878.7987     2.375427    7168057.1 
   14500    302.02812    -180.0444     4832.173    8882.5842    2.5352437    6636069.1 
   15000    301.07175   -175.28826    4845.5791    8887.3505    2.1241173    6777641.4 
   15500     304.2181   -173.56621     4844.369    8931.9329    3.3457031    7553470.6 
   16000     305.0359   -181.35327    4878.2108    8969.4424   0.21779404    6962747.3 
   16500     307.7987   -173.31145    4894.2571    9032.2286   -14.665664    6895234.3 
   17000    305.96551   -168.03204    4904.3024    9021.8761    5.4792113    7154314.8 
   17500     304.0818   -168.84715     4891.663    8982.0368    6.3225354    7398895.5 
   18000    296.90434   -163.76903    4928.0722    8922.9907     4.294185    6688016.3 
   18500    301.53517    -166.2104    4938.1975    8995.5379    3.8974638    7406543.5 
   19000    299.10234   -172.21601    4902.1723    8919.4309   -3.7722709    7520645.8 
   19500    293.88099   -174.49111    4961.1423    8902.9912  -0.62063822    6975305.2 
   20000    298.85407   -178.77534    4913.0564    8920.2782    11.114213    7014130.8 
   20500    295.36328   -185.89918    4943.4633    8894.6662   -9.9170523    7379568.8 
   21000     294.4681   -180.03053    4862.2962    8806.8293    4.6955427    7909455.8 
   21500    296.60002   -168.96316    4909.1401    8894.6019    1.0183317    8355967.5 
   22000     301.5728   -170.24189    4872.9099    8926.7459  -0.72650482    7534600.1 
   22500     299.4383   -182.25065    4916.1846    8928.1143   -1.0295832    7137133.5 
   23000    301.92887   -187.86137    4932.8236    8974.0275    1.4485579      7483512 
   23500    301.48449   -188.12025    4970.4978    9005.2185   0.90836127    8172055.4 
   24000    302.88941    -188.7471    4896.6967     8950.469  -0.37512388    8154090.7 
   24500    300.60693   -200.08014    4904.3843    8914.8532   -5.1486324      7562493 
   25000    304.74982   -180.30101    4864.0476    8952.3244    2.2910744    8264703.8 
   25500    299.86226   -183.41801    4932.2896    8948.9903   0.26257722    8137119.8 
   26000    300.07201   -177.08259    4937.3535    8963.3274   -1.0659595    8702199.5 
   26500    297.31998   -169.22062    4910.3511    8905.6398    7.2134394    7797836.3 
   27000    295.95736   -168.13173    4847.8067    8825.0983   0.76937112    7474870.1 
   27500    294.13031   -177.88065    4942.1294    8884.0809  -0.10857053    7924934.9 
   28000    297.15912   -180.92604    4923.3242    8904.6544    4.5393298    8932357.2 
   28500    293.13384   -171.05748    4996.4765    8931.2938     -1.59277    8037431.3 
   29000    299.37916   -172.89424    4915.2185    8935.6761    3.2392413      8298211 
   29500    299.89031   -177.71359    4881.3619    8904.1598   -1.3873586    9099830.3 
   30000    298.40581   -169.79451    4975.6792    8985.6031    -4.531036    8426246.8 
   30500      294.733   -169.68336    4980.5743    8939.1649    3.9789052    9478010.6 
   31000    299.49275   -172.71722    4861.4675    8883.6932   -6.1766856    8697341.8 
   31500    293.28615    -171.2928    4920.5153    8857.2307    1.7094389    8813645.2 
   32000    301.94734   -176.19115    5006.5617    9059.6945  -0.75431567    9643203.3 
   32500    306.45366   -176.09514    4984.0906    9100.4386   -2.9206464    8613359.5 
   33000    306.18412   -179.74996    4977.9315    9086.8493    2.1425441    8557135.2 
   33500    300.99733    -166.6197    4975.1314    9024.5291     4.897399    9135854.3 
   34000     298.0361   -187.15268    4986.8093    8974.1966   -7.7813802    9767451.4 
   34500    301.41681   -169.94578    4947.6021    8999.5493    6.6355564    9094749.9 
   35000    297.24948   -174.82054     4953.956    8942.6573   -2.3269837    8672788.4 
   35500    296.44584   -167.80605    4923.8471    8908.3065    7.1678879    8939667.2 
   36000    298.36263   -166.55445    4962.2595    8974.8186    4.4472098    9805117.1 
   36500    298.00589   -173.97136    4938.1413    8938.2867   -1.9621572    9035230.5 
   37000    295.99239   -176.83106    4931.4758    8900.5587    1.2286414    8986086.8 
   37500    292.84377   -169.61139    4950.4136    8882.6141   -1.7102706    9801261.2 
   38000    298.91367   -179.94546    5025.9385    9032.8249     3.744206    9276657.8 
   38500    301.30681   -172.56978    5022.2793    9070.0617   0.46050642    9689680.3 
   39000    301.79695   -172.59112    5034.0276     9088.654    7.1536646     10305044 
   39500     309.0713   -177.08211    5026.1638    9178.1898  -0.84768435    9443966.9 
   40000    305.68999   -162.19291    4989.6164    9109.1701    4.1588992    9881617.6 
   40500    303.82558   -172.77518    4991.0686    9073.9256    3.4738653     10907869 
   41000    297.95102   -172.67591    5040.0245    9040.6969  -0.93403441    9960140.8 
   41500    302.66537   -176.39003    4925.8954    8988.8867    3.5967953    9278314.1 
   42000     296.8013   -164.67366    5044.8577    9037.4284  -0.59949619      9595666 
   42500     299.8671   -164.63455    4983.9334    9019.4852    2.4191516    9441901.4 
   43000    301.35182   -166.12366    4950.1306    9004.9896    1.9950929    9958107.4 
   43500    297.35634   -166.49386    4998.0196    8996.5444    2.4071599      9166232 
   44000    301.37261   -172.72243    4940.6456    8989.1971    3.6629926    9604322.6 
   44500    301.03448   -190.07414    5010.6257    9037.0893   0.27394782     10121003 
   45000    298.45344   -177.30011    5044.9802    9048.0657    1.2607629     11215098 
   45500      300.942   -160.83817    5014.2387    9068.6429   -1.0602298     10297990 
   46000    297.55822   -164.03155    5062.1431    9065.9579    5.9910595    9564846.5 
   46500    304.22744   -175.41571    5002.6804    9088.5257  -0.68775397     10797172 
   47000    305.13296   -170.24478    5039.1503      9142.85    1.5268228     10200937 
   47500      301.217   -175.57324    5021.0622    9064.5832    0.8839822    9884703.8 
   48000    301.52446   -160.46738     5002.976    9065.9094   -4.0338392     10502618 
   48500    296.38727   -163.44924    5054.3522     9042.348    3.3375392     10190160 
   49000    301.96315   -173.51954      4989.31     9045.336    4.3971967    9176933.2 
   49500    305.15992   -170.55242    5020.9963    9124.7659    2.3025154     10032630 
   50000    306.08415   -173.66373    4995.7208    9109.3247  -0.96648433     10589987 
   50500     305.1826    -169.2565    5076.4112    9181.7944   -3.1612072     10581736 
   51000    306.04468   -175.40402    4939.1137    9050.4244     7.068982     10442573 
   51500    296.33218   -179.53343    4988.5292    8959.6691    3.5849763     10924418 
   52000    297.88532   -182.69843     5022.222    9011.9515   -3.4249548     10504902 
   52500    297.67346   -174.44122    5024.8845    9019.9037    4.2445457     10124279 
   53000     299.7776   -170.92432    5051.0765     9079.085   -1.8138208     11142461 
   53500     298.2359   -171.18081    5010.3011    9016.4587    4.2873703     10335976 
   54000    298.43447   -165.84719    4975.2493     8989.522    4.1626573    9946388.3 
   54500    298.42653   -175.23526    5086.9765    9091.7499  -0.52499114     10940429 
   55000    302.11435    -174.4108    5014.6572    9071.9096   -2.4763876     10168868 
   55500      304.239   -149.04568    5023.3384    9135.7156    2.4129482     10383107 
   56000    297.61419    -149.4231    5115.1722    9134.3795   0.43644818     11500004 
   56500    304.82001   -176.85915    5079.1421    9171.8439   0.64749984     10323702 
   57000    304.93607   -178.92836    5082.1147     9174.373   0.93770789     10463009 
   57500     302.0266   -180.94485    5091.5812    9141.0706   -2.1218781     11226082 
   58000    298.98484   -158.35753    5088.9302    9118.4015    3.1236533     11333688 
   58500    302.08689   -172.22771    4994.7297    9053.7806    8.2416119     10097618 
   59000    295.08552   -170.96226    5069.1647    9031.4141   -4.7866358     10841968 
   59500    293.35253   -180.47256    5014.3295    8942.7949    2.7973602     11073267 
   60000    295.78163   -174.76727    5028.2814    8996.4761    4.8440064     10207743 
   60500      296.402   -172.97217    5042.8753    9021.5545   0.37338861    9682799.1 
   61000    291.94768   -173.54872    5042.5832    8958.2949    5.7116421     10753487 
   61500    297.39226   -166.88292    4997.7024    8996.3412    -1.709899     10831975 
   62000    299.69309   -176.50217    4999.9955    9021.2425   -2.7547943     10417200 
   62500    300.92244   -167.23092    5031.9986    9079.7361  -0.91069785     11776002 
   63000    299.38705   -174.10478     5071.023    9090.3807   0.81390758     10711814 
   63500    303.69121   -164.92153    5082.5532    9171.3817    2.5672978     10839785 
   64000    302.97302   -162.66908    5059.9331    9140.9545  -0.24899795     11185535 
   64500    298.57335   -160.43127    5109.8495    